{
  "RSpec": {
    "coverage": {
      "/Users/jude/Projects/tech-tests/makers-bank-tech-test/ruby/spec/account_spec.rb": {
        "lines": [
          1,
          null,
          1,
          1,
          1,
          1,
          1,
          1,
          null,
          1,
          1,
          1,
          1,
          1,
          null,
          null,
          null,
          1,
          1,
          1,
          1,
          1,
          null,
          1,
          1,
          1,
          1,
          1,
          null,
          null,
          null,
          1,
          1,
          1,
          2,
          1,
          null,
          1,
          1,
          1,
          1,
          1,
          null,
          1,
          1,
          1,
          1,
          1,
          null,
          null,
          null,
          1,
          1,
          1,
          1,
          1,
          1,
          null,
          null,
          null
        ]
      },
      "/Users/jude/Projects/tech-tests/makers-bank-tech-test/ruby/lib/account.rb": {
        "lines": [
          1,
          1,
          null,
          1,
          1,
          11,
          11,
          11,
          11,
          11,
          null,
          null,
          1,
          null,
          1,
          4,
          4,
          4,
          4,
          null,
          null,
          1,
          3,
          2,
          2,
          2,
          2,
          null,
          null,
          1,
          1,
          1,
          null,
          null
        ]
      },
      "/Users/jude/Projects/tech-tests/makers-bank-tech-test/ruby/lib/transaction.rb": {
        "lines": [
          1,
          null,
          1,
          1,
          7,
          7,
          7,
          7,
          null,
          null,
          1,
          null
        ]
      },
      "/Users/jude/Projects/tech-tests/makers-bank-tech-test/ruby/lib/statement.rb": {
        "lines": [
          1,
          1,
          3,
          3,
          null,
          null,
          1,
          null,
          1,
          2,
          4,
          2,
          null,
          2,
          null,
          null,
          null,
          null,
          1,
          1,
          3,
          null,
          null
        ]
      },
      "/Users/jude/Projects/tech-tests/makers-bank-tech-test/ruby/spec/bank_spec.rb": {
        "lines": [
          1,
          null,
          1,
          1,
          1,
          1,
          1,
          null,
          1,
          1,
          1,
          null,
          null,
          null,
          1,
          1,
          1,
          1,
          1,
          1,
          null,
          null,
          null,
          1,
          1,
          1,
          1,
          1,
          1,
          1,
          1,
          null,
          null,
          1,
          1,
          1,
          1,
          1,
          1,
          2,
          1,
          null,
          null,
          null,
          1,
          1,
          1,
          1,
          null,
          null,
          null
        ]
      },
      "/Users/jude/Projects/tech-tests/makers-bank-tech-test/ruby/lib/bank.rb": {
        "lines": [
          1,
          null,
          1,
          1,
          6,
          6,
          6,
          null,
          null,
          1,
          1,
          null,
          1,
          3,
          3,
          3,
          3,
          null,
          null,
          1,
          4,
          2,
          2,
          null,
          null,
          1,
          36,
          4,
          4,
          4,
          null,
          null
        ]
      },
      "/Users/jude/Projects/tech-tests/makers-bank-tech-test/ruby/spec/statement_spec.rb": {
        "lines": [
          1,
          null,
          1,
          1,
          1,
          1,
          1,
          1,
          1,
          1,
          null,
          null,
          1,
          1,
          1,
          1,
          1,
          1,
          1,
          null,
          null,
          1,
          1,
          1,
          1,
          1,
          1,
          1,
          1,
          1,
          1,
          null,
          null,
          null
        ]
      },
      "/Users/jude/Projects/tech-tests/makers-bank-tech-test/ruby/spec/transaction_spec.rb": {
        "lines": [
          1,
          1,
          null,
          1,
          1,
          1,
          1,
          1,
          1,
          1,
          1,
          1,
          null,
          null,
          null
        ]
      }
    },
    "timestamp": 1674567054
  }
}
